<?xml version="1.0" encoding="UTF-8" ?>
<testsuite errors="0" failures="0" hostname="GPA84-952" name="cow.LinkedVisHierDataUnitSpec" tests="5" time="0.279" timestamp="2013-06-21T18:02:21">
  <properties />
  <testcase classname="cow.LinkedVisHierDataUnitSpec" name="test writeCategorySection" time="0.092" />
  <testcase classname="cow.LinkedVisHierDataUnitSpec" name="test writeHierSection" time="0.016" />
  <testcase classname="cow.LinkedVisHierDataUnitSpec" name="test writeAssaysSection" time="0.029" />
  <testcase classname="cow.LinkedVisHierDataUnitSpec" name="test createAssayCrossSection" time="0.038" />
  <testcase classname="cow.LinkedVisHierDataUnitSpec" name="test createCombinedListing" time="0.067" />
  <system-out><![CDATA[]]></system-out>
  <system-err><![CDATA[--Output from test writeCategorySection--
--Output from test writeHierSection--
--Output from test writeAssaysSection--
--Output from test createAssayCrossSection--
--Output from test createCombinedListing--
]]></system-err>
</testsuite>
