<?xml version="1.0" encoding="UTF-8" ?>
<testsuite errors="0" failures="0" hostname="GPA84-952" name="cow.LinkedVisHierDataUnitSpec" tests="1" time="0.079" timestamp="2013-06-20T15:26:34">
  <properties />
  <testcase classname="cow.LinkedVisHierDataUnitSpec" name="bloog" time="0.05" />
  <system-out><![CDATA[]]></system-out>
  <system-err><![CDATA[--Output from bloog--
]]></system-err>
</testsuite>
